<?xml version="1.0" encoding="UTF-8"?>
<!-- Generated by org.testng.reporters.JUnitReportReporter -->
<testsuite hostname="Rahuls-MacBook-Pro.local" name="testcases.careios.AddATutorTest" tests="1" failures="0" timestamp="21 Mar 2017 16:39:58 GMT" time="37.899" errors="0">
  <testcase name="AddATutor" time="37.899" classname="testcases.careios.AddATutorTest"/>
</testsuite> <!-- testcases.careios.AddATutorTest -->
