<?xml version="1.0" encoding="UTF-8"?>
<!-- Generated by org.testng.reporters.JUnitReportReporter -->
<testsuite hostname="Rahuls-MacBook-Pro.local" name="testcases.careios.CareLoginTest" tests="1" failures="0" timestamp="21 Mar 2017 16:39:58 GMT" time="4.790" errors="0">
  <testcase name="signUpEmailandSelectACareGiver" time="4.790" classname="testcases.careios.CareLoginTest"/>
</testsuite> <!-- testcases.careios.CareLoginTest -->
